2024-03-20 16:16:52,054 [Worker-3: Loading available Gradle versions] INFO  o.e.b.c.i.u.g.PublishedGradleVersions - Gradle version information cache is up-to-date. Trying to read.
2024-03-20 16:17:28,771 [Worker-16: Building] INFO  o.e.m.c.i.l.LifecycleMappingFactory - Using org.eclipse.m2e.jdt.JarLifecycleMapping lifecycle mapping for MavenProject: eventos:MVLB_AD3_Eventos:0.0.1-SNAPSHOT @ /Users/V_Lido/Documents/UNIR_Daw_II/OYF/Servidor/workspace/MVLB_AD3_Eventos/pom.xml.
2024-03-20 16:17:30,427 [Worker-16: Building] INFO  o.a.m.s.f.DefaultMavenResourcesFiltering - Copying 1 resource from src/main/resources to target/classes
2024-03-20 16:17:30,452 [Worker-16: Building] INFO  o.a.m.s.f.DefaultMavenResourcesFiltering - Copying 6 resources from src/main/resources to target/classes
2024-03-20 16:17:30,462 [Worker-16: Building] INFO  o.a.m.s.f.DefaultMavenResourcesFiltering - skip non existing resourceDirectory /Users/V_Lido/Documents/UNIR_Daw_II/OYF/Servidor/workspace/MVLB_AD3_Eventos/src/test/resources
2024-03-20 16:17:32,891 [Worker-17: Building] INFO  o.a.m.s.f.DefaultMavenResourcesFiltering - Copying 1 resource from src/main/resources to target/classes
2024-03-20 16:17:32,895 [Worker-17: Building] INFO  o.a.m.s.f.DefaultMavenResourcesFiltering - Copying 6 resources from src/main/resources to target/classes
2024-03-20 16:17:32,906 [Worker-17: Building] INFO  o.a.m.s.f.DefaultMavenResourcesFiltering - skip non existing resourceDirectory /Users/V_Lido/Documents/UNIR_Daw_II/OYF/Servidor/workspace/MVLB_AD3_Eventos/src/test/resources
2024-03-20 16:18:02,648 [Worker-1: Building] INFO  o.e.m.c.i.l.LifecycleMappingFactory - Using org.eclipse.m2e.jdt.JarLifecycleMapping lifecycle mapping for MavenProject: pedidos:MVLB_AD4_Pedidos:0.0.1-SNAPSHOT @ /Users/V_Lido/Documents/UNIR_Daw_II/OYF/Servidor/workspace/MVLB_AD4_Pedidos/pom.xml.
2024-03-20 16:18:03,059 [Worker-1: Building] INFO  o.a.m.s.f.DefaultMavenResourcesFiltering - Copying 1 resource from src/main/resources to target/classes
2024-03-20 16:18:03,061 [Worker-1: Building] INFO  o.a.m.s.f.DefaultMavenResourcesFiltering - Copying 0 resource from src/main/resources to target/classes
2024-03-20 16:18:03,063 [Worker-1: Building] INFO  o.a.m.s.f.DefaultMavenResourcesFiltering - skip non existing resourceDirectory /Users/V_Lido/Documents/UNIR_Daw_II/OYF/Servidor/workspace/MVLB_AD4_Pedidos/src/test/resources
2024-03-20 16:18:04,479 [Worker-19: Building] INFO  o.a.m.s.f.DefaultMavenResourcesFiltering - Copying 1 resource from src/main/resources to target/classes
2024-03-20 16:18:04,481 [Worker-19: Building] INFO  o.a.m.s.f.DefaultMavenResourcesFiltering - Copying 0 resource from src/main/resources to target/classes
2024-03-20 16:18:04,482 [Worker-19: Building] INFO  o.a.m.s.f.DefaultMavenResourcesFiltering - skip non existing resourceDirectory /Users/V_Lido/Documents/UNIR_Daw_II/OYF/Servidor/workspace/MVLB_AD4_Pedidos/src/test/resources
2024-03-20 16:18:28,754 [Worker-5: Building] INFO  o.e.m.c.i.l.LifecycleMappingFactory - Using org.eclipse.m2e.jdt.JarLifecycleMapping lifecycle mapping for MavenProject: restexamen2t:Rest_Examen_2T:0.0.1-SNAPSHOT @ /Users/V_Lido/Documents/UNIR_Daw_II/OYF/Servidor/workspace/Rest_Examen_2T/pom.xml.
2024-03-20 16:18:28,985 [Worker-5: Building] INFO  o.a.m.s.f.DefaultMavenResourcesFiltering - Copying 1 resource from src/main/resources to target/classes
2024-03-20 16:18:28,986 [Worker-5: Building] INFO  o.a.m.s.f.DefaultMavenResourcesFiltering - Copying 0 resource from src/main/resources to target/classes
2024-03-20 16:18:28,987 [Worker-5: Building] INFO  o.a.m.s.f.DefaultMavenResourcesFiltering - skip non existing resourceDirectory /Users/V_Lido/Documents/UNIR_Daw_II/OYF/Servidor/workspace/Rest_Examen_2T/src/test/resources
2024-03-20 16:18:30,456 [Worker-9: Building] INFO  o.a.m.s.f.DefaultMavenResourcesFiltering - Copying 1 resource from src/main/resources to target/classes
2024-03-20 16:18:30,458 [Worker-9: Building] INFO  o.a.m.s.f.DefaultMavenResourcesFiltering - Copying 0 resource from src/main/resources to target/classes
2024-03-20 16:18:30,459 [Worker-9: Building] INFO  o.a.m.s.f.DefaultMavenResourcesFiltering - skip non existing resourceDirectory /Users/V_Lido/Documents/UNIR_Daw_II/OYF/Servidor/workspace/Rest_Examen_2T/src/test/resources
